{"meta": {"format": 2, "version": "7.5.0", "timestamp": "2024-05-19T01:56:15.972190", "branch_coverage": false, "show_contexts": false}, "files": {"logic/configmanager.py": {"executed_lines": [1, 2, 3, 6, 8, 9, 10, 11, 12, 13, 14, 16, 17, 18, 19, 20, 21, 23], "summary": {"covered_lines": 18, "num_statements": 18, "percent_covered": 100.0, "percent_covered_display": "100", "missing_lines": 0, "excluded_lines": 0}, "missing_lines": [], "excluded_lines": []}, "logic/file.py": {"executed_lines": [1, 2, 3, 5, 6, 8, 9, 10, 11, 14, 15, 16, 17, 21, 24, 25, 26, 28, 29, 31, 32, 33, 34, 38, 39, 40, 41, 42, 43, 44, 46, 47, 49, 50, 51, 53, 54, 56, 59, 60, 62, 65, 66, 67, 68, 69, 70, 71, 73, 74, 76, 77, 79, 80, 81, 82, 84, 85, 86, 87, 89, 92, 95, 98, 99, 100, 104, 108], "summary": {"covered_lines": 68, "num_statements": 81, "percent_covered": 83.95061728395062, "percent_covered_display": "84", "missing_lines": 13, "excluded_lines": 0}, "missing_lines": [18, 19, 35, 36, 57, 63, 90, 93, 96, 101, 102, 105, 106], "excluded_lines": []}, "logic/permissions.py": {"executed_lines": [1, 2, 3, 6, 8, 12, 13, 14, 15, 16, 17, 19, 20, 21, 22, 23, 24], "summary": {"covered_lines": 17, "num_statements": 17, "percent_covered": 100.0, "percent_covered_display": "100", "missing_lines": 0, "excluded_lines": 0}, "missing_lines": [], "excluded_lines": []}, "logic/selection.py": {"executed_lines": [1, 3, 6, 8, 9, 11, 14, 15], "summary": {"covered_lines": 8, "num_statements": 9, "percent_covered": 88.88888888888889, "percent_covered_display": "89", "missing_lines": 1, "excluded_lines": 0}, "missing_lines": [12], "excluded_lines": []}, "logic/subscriptable.py": {"executed_lines": [1, 4, 5, 6, 8, 11, 14, 15], "summary": {"covered_lines": 8, "num_statements": 11, "percent_covered": 72.72727272727273, "percent_covered_display": "73", "missing_lines": 3, "excluded_lines": 0}, "missing_lines": [9, 12, 16], "excluded_lines": []}, "logic/transactions/__init__.py": {"executed_lines": [1, 2, 3, 4, 5, 6], "summary": {"covered_lines": 6, "num_statements": 6, "percent_covered": 100.0, "percent_covered_display": "100", "missing_lines": 0, "excluded_lines": 0}, "missing_lines": [], "excluded_lines": []}, "logic/transactions/changepermissiontransaction.py": {"executed_lines": [1, 2, 3, 4, 5, 6, 7, 8, 9, 12, 13, 14, 15, 16, 18, 19, 21, 22, 23], "summary": {"covered_lines": 19, "num_statements": 21, "percent_covered": 90.47619047619048, "percent_covered_display": "90", "missing_lines": 2, "excluded_lines": 0}, "missing_lines": [25, 26], "excluded_lines": []}, "logic/transactions/copytransaction.py": {"executed_lines": [1, 2, 3, 4, 5, 6, 7, 8, 9, 10, 13, 15, 16, 19, 20, 21, 22, 23, 25, 28, 29, 34, 35, 36, 37, 38, 40, 43, 44, 45, 46, 49, 50, 51, 52, 54, 56, 57, 58, 59, 60, 64, 65, 66, 67, 68, 70, 72, 73, 74, 75, 76, 78, 79], "summary": {"covered_lines": 54, "num_statements": 65, "percent_covered": 83.07692307692308, "percent_covered_display": "83", "missing_lines": 11, "excluded_lines": 0}, "missing_lines": [17, 26, 30, 31, 32, 39, 41, 47, 48, 62, 69], "excluded_lines": []}, "logic/transactions/makedirectorytransaction.py": {"executed_lines": [1, 2, 3, 4, 5, 6, 7, 8, 9, 10, 13, 15, 16, 17, 18, 19, 20, 22, 23, 24, 26, 27, 28, 29, 30, 31, 32, 33, 34, 36, 38], "summary": {"covered_lines": 31, "num_statements": 31, "percent_covered": 100.0, "percent_covered_display": "100", "missing_lines": 0, "excluded_lines": 0}, "missing_lines": [], "excluded_lines": []}, "logic/transactions/movetransaction.py": {"executed_lines": [1, 2, 3, 4, 5, 6, 7, 8, 9, 12, 13, 14, 17, 18, 19, 21, 22, 24, 25, 26, 27, 28, 30, 33, 34, 35, 37, 39, 40, 42, 44, 45, 46, 48, 49, 50, 51, 52, 54, 56, 57, 58, 59, 60, 62, 63, 66, 67], "summary": {"covered_lines": 48, "num_statements": 54, "percent_covered": 88.88888888888889, "percent_covered_display": "89", "missing_lines": 6, "excluded_lines": 0}, "missing_lines": [15, 31, 36, 38, 53, 68], "excluded_lines": []}, "logic/transactions/removetransaction.py": {"executed_lines": [1, 2, 3, 4, 5, 6, 7, 8, 9, 12, 13, 14, 15, 17, 18, 20, 21, 23, 24, 26, 27, 28, 31, 33], "summary": {"covered_lines": 24, "num_statements": 28, "percent_covered": 85.71428571428571, "percent_covered_display": "86", "missing_lines": 4, "excluded_lines": 0}, "missing_lines": [19, 22, 30, 34], "excluded_lines": []}, "logic/transactions/transaction.py": {"executed_lines": [1, 2, 3, 4, 5, 6, 7, 8, 11, 12, 13, 15, 18, 21, 22, 26, 27, 28, 29, 31, 32, 33, 34, 35, 38, 39, 40, 41, 42, 45, 46, 49, 52], "summary": {"covered_lines": 33, "num_statements": 40, "percent_covered": 82.5, "percent_covered_display": "82", "missing_lines": 7, "excluded_lines": 0}, "missing_lines": [16, 19, 23, 30, 47, 50, 53], "excluded_lines": []}, "logic/workspace.py": {"executed_lines": [1, 2, 3, 4, 5, 6, 7, 8, 11, 12, 13, 15, 16, 17, 18, 19, 20, 21, 23, 24, 25, 27, 30, 31, 34, 35, 36, 37, 38, 39, 40, 41, 43, 46, 47, 49, 51, 53, 54, 56, 57, 59, 60, 61, 63, 64, 65, 67, 68, 69, 71, 73, 74, 75, 76, 77, 79, 81, 82, 83, 84, 85, 87, 89, 90, 92, 93, 95, 98, 101, 102, 104, 108, 111, 112, 114, 115, 119, 120, 121, 122, 124, 125, 127, 129, 130, 131, 133, 134, 136], "summary": {"covered_lines": 90, "num_statements": 104, "percent_covered": 86.53846153846153, "percent_covered_display": "87", "missing_lines": 14, "excluded_lines": 0}, "missing_lines": [26, 32, 44, 48, 62, 72, 78, 96, 116, 117, 118, 126, 128, 137], "excluded_lines": []}, "logic/workspacemanager.py": {"executed_lines": [1, 2, 4, 5, 6], "summary": {"covered_lines": 5, "num_statements": 5, "percent_covered": 100.0, "percent_covered_display": "100", "missing_lines": 0, "excluded_lines": 0}, "missing_lines": [], "excluded_lines": []}}, "totals": {"covered_lines": 429, "num_statements": 490, "percent_covered": 87.55102040816327, "percent_covered_display": "88", "missing_lines": 61, "excluded_lines": 0}}